build/outputs/logs/manifest-merger-debug-report.txt
-- Merging decision tree log ---
manifest
ADDED from src\main\AndroidManifest.xml:2:1-34:12
	package
		ADDED from src\main\AndroidManifest.xml:3:5-45
		INJECTED from src\main\AndroidManifest.xml
		INJECTED from src\main\AndroidManifest.xml
	android:versionName
		INJECTED from src\main\AndroidManifest.xml
		INJECTED from src\main\AndroidManifest.xml
	xmlns:android
		ADDED from src\main\AndroidManifest.xml:2:11-69
	android:versionCode
		INJECTED from src\main\AndroidManifest.xml
		INJECTED from src\main\AndroidManifest.xml
uses-permission#android.permission.INTERNET
ADDED from src\main\AndroidManifest.xml:5:5-67
	android:name
		ADDED from src\main\AndroidManifest.xml:5:22-64
application
ADDED from src\main\AndroidManifest.xml:7:5-32:19
MERGED from [com.android.support:appcompat-v7:23.2.1] AndroidManifest.xml:25:5-20
MERGED from [com.android.support:support-v4:23.2.1] AndroidManifest.xml:22:5-20
MERGED from [com.android.support:animated-vector-drawable:23.2.1] AndroidManifest.xml:7:5-20
MERGED from [com.android.support:support-vector-drawable:23.2.1] AndroidManifest.xml:7:5-20
MERGED from [com.android.support:support-v4:23.2.1] AndroidManifest.xml:22:5-20
MERGED from [com.android.support:support-vector-drawable:23.2.1] AndroidManifest.xml:7:5-20
MERGED from [com.android.support:support-v4:23.2.1] AndroidManifest.xml:22:5-20
MERGED from [com.android.volley:volley:1.0.0] AndroidManifest.xml:9:5-20
	android:label
		ADDED from src\main\AndroidManifest.xml:10:9-41
	android:supportsRtl
		ADDED from src\main\AndroidManifest.xml:11:9-35
	android:allowBackup
		ADDED from src\main\AndroidManifest.xml:8:9-35
	android:icon
		ADDED from src\main\AndroidManifest.xml:9:9-43
	android:theme
		ADDED from src\main\AndroidManifest.xml:12:9-40
activity#com.example.mihaela.smarthouse.HomeScreen
ADDED from src\main\AndroidManifest.xml:13:9-19:20
	android:name
		ADDED from src\main\AndroidManifest.xml:13:19-45
intent-filter#android.intent.action.MAIN+android.intent.category.LAUNCHER
ADDED from src\main\AndroidManifest.xml:14:13-18:29
action#android.intent.action.MAIN
ADDED from src\main\AndroidManifest.xml:15:17-69
	android:name
		ADDED from src\main\AndroidManifest.xml:15:25-66
category#android.intent.category.LAUNCHER
ADDED from src\main\AndroidManifest.xml:17:17-77
	android:name
		ADDED from src\main\AndroidManifest.xml:17:27-74
activity#com.example.mihaela.smarthouse.planner.PlannerActivity
ADDED from src\main\AndroidManifest.xml:20:9-61
	android:name
		ADDED from src\main\AndroidManifest.xml:20:19-58
activity#com.example.mihaela.smarthouse.command_center.CommandCenterActivity
ADDED from src\main\AndroidManifest.xml:21:9-74
	android:name
		ADDED from src\main\AndroidManifest.xml:21:19-71
activity#com.example.mihaela.smarthouse.stats.StatsActivity
ADDED from src\main\AndroidManifest.xml:22:9-91
	android:label
		ADDED from src\main\AndroidManifest.xml:22:56-88
	android:name
		ADDED from src\main\AndroidManifest.xml:22:19-54
activity#com.example.mihaela.smarthouse.notifications.NotificationsActivity
ADDED from src\main\AndroidManifest.xml:23:9-82
	android:name
		ADDED from src\main\AndroidManifest.xml:23:19-70
activity#com.example.mihaela.smarthouse.editor_activities.NumberPickerActivity
ADDED from src\main\AndroidManifest.xml:24:9-76
	android:name
		ADDED from src\main\AndroidManifest.xml:24:19-73
activity#com.example.mihaela.smarthouse.editor_activities.OptionPickerActivity
ADDED from src\main\AndroidManifest.xml:25:9-75
	android:name
		ADDED from src\main\AndroidManifest.xml:25:19-73
activity#com.example.mihaela.smarthouse.editor_activities.TvEditor
ADDED from src\main\AndroidManifest.xml:26:9-63
	android:name
		ADDED from src\main\AndroidManifest.xml:26:19-61
activity#com.example.mihaela.smarthouse.editor_activities.AirConditioningEditor
ADDED from src\main\AndroidManifest.xml:27:9-76
	android:name
		ADDED from src\main\AndroidManifest.xml:27:19-74
activity#com.example.mihaela.smarthouse.editor_activities.WashingMachineEditor
ADDED from src\main\AndroidManifest.xml:28:9-75
	android:name
		ADDED from src\main\AndroidManifest.xml:28:19-73
activity#com.example.mihaela.smarthouse.editor_activities.WaterSystemEditor
ADDED from src\main\AndroidManifest.xml:29:9-72
	android:name
		ADDED from src\main\AndroidManifest.xml:29:19-70
activity#com.example.mihaela.smarthouse.editor_activities.CookingMachineEditor
ADDED from src\main\AndroidManifest.xml:30:9-75
	android:name
		ADDED from src\main\AndroidManifest.xml:30:19-73
activity#com.example.mihaela.smarthouse.editor_activities.FridgeEditor
ADDED from src\main\AndroidManifest.xml:31:9-67
	android:name
		ADDED from src\main\AndroidManifest.xml:31:19-65
uses-sdk
INJECTED from src\main\AndroidManifest.xml reason: use-sdk injection requested
MERGED from [com.android.support:appcompat-v7:23.2.1] AndroidManifest.xml:21:5-23:78
MERGED from [com.android.support:support-v4:23.2.1] AndroidManifest.xml:20:5-43
MERGED from [com.android.support:animated-vector-drawable:23.2.1] AndroidManifest.xml:5:5-44
MERGED from [com.android.support:support-vector-drawable:23.2.1] AndroidManifest.xml:5:5-43
MERGED from [com.android.support:support-v4:23.2.1] AndroidManifest.xml:20:5-43
MERGED from [com.android.support:support-vector-drawable:23.2.1] AndroidManifest.xml:5:5-43
MERGED from [com.android.support:support-v4:23.2.1] AndroidManifest.xml:20:5-43
MERGED from [com.android.volley:volley:1.0.0] AndroidManifest.xml:7:5-43
	tools:overrideLibrary
		ADDED from [com.android.support:appcompat-v7:23.2.1] AndroidManifest.xml:23:9-75
	android:targetSdkVersion
		INJECTED from src\main\AndroidManifest.xml
		INJECTED from src\main\AndroidManifest.xml
	android:minSdkVersion
		INJECTED from src\main\AndroidManifest.xml
		INJECTED from src\main\AndroidManifest.xml